1 Apr, 2023 5:53:37 PM org.apache.catalina.core.AprLifecycleListener init
INFO: Loaded APR based Apache Tomcat Native library 1.1.16.
1 Apr, 2023 5:53:37 PM org.apache.catalina.core.AprLifecycleListener init
INFO: APR capabilities: IPv6 [true], sendfile [true], accept filters [false], random [true].
1 Apr, 2023 5:53:37 PM org.apache.coyote.http11.Http11AprProtocol init
INFO: Initializing Coyote HTTP/1.1 on http-8080
1 Apr, 2023 5:53:37 PM org.apache.coyote.ajp.AjpAprProtocol init
INFO: Initializing Coyote AJP/1.3 on ajp-8009
1 Apr, 2023 5:53:37 PM org.apache.catalina.startup.Catalina load
INFO: Initialization processed in 443 ms
1 Apr, 2023 5:53:37 PM org.apache.catalina.core.StandardService start
INFO: Starting service Catalina
1 Apr, 2023 5:53:37 PM org.apache.catalina.core.StandardEngine start
INFO: Starting Servlet Engine: Apache Tomcat/6.0.20
1 Apr, 2023 5:53:38 PM org.apache.coyote.http11.Http11AprProtocol start
INFO: Starting Coyote HTTP/1.1 on http-8080
1 Apr, 2023 5:53:38 PM org.apache.coyote.ajp.AjpAprProtocol start
INFO: Starting Coyote AJP/1.3 on ajp-8009
1 Apr, 2023 5:53:38 PM org.apache.catalina.startup.Catalina start
INFO: Server startup in 623 ms
1 Apr, 2023 5:55:59 PM org.apache.catalina.loader.WebappClassLoader validateJarFile
INFO: validateJarFile(C:\Program Files (x86)\Apache Software Foundation\Tomcat 6.0\webapps\Secure and Privacy conserve design of contracted out support vector machine for drug discovery\WEB-INF\lib\servlet-api.jar) - jar not loaded. See Servlet Spec 2.3, section 9.7.2. Offending class: javax/servlet/Servlet.class
1 Apr, 2023 6:05:09 PM org.apache.coyote.http11.Http11AprProtocol pause
INFO: Pausing Coyote HTTP/1.1 on http-8080
1 Apr, 2023 6:05:09 PM org.apache.coyote.ajp.AjpAprProtocol pause
INFO: Pausing Coyote AJP/1.3 on ajp-8009
1 Apr, 2023 6:05:10 PM org.apache.catalina.core.StandardService stop
INFO: Stopping service Catalina
1 Apr, 2023 6:05:10 PM org.apache.coyote.http11.Http11AprProtocol destroy
INFO: Stopping Coyote HTTP/1.1 on http-8080
1 Apr, 2023 6:05:10 PM org.apache.coyote.ajp.AjpAprProtocol destroy
INFO: Stopping Coyote AJP/1.3 on ajp-8009
1 Apr, 2023 6:05:14 PM org.apache.catalina.core.AprLifecycleListener init
INFO: Loaded APR based Apache Tomcat Native library 1.1.16.
1 Apr, 2023 6:05:14 PM org.apache.catalina.core.AprLifecycleListener init
INFO: APR capabilities: IPv6 [true], sendfile [true], accept filters [false], random [true].
1 Apr, 2023 6:05:14 PM org.apache.coyote.http11.Http11AprProtocol init
INFO: Initializing Coyote HTTP/1.1 on http-8080
1 Apr, 2023 6:05:14 PM org.apache.coyote.ajp.AjpAprProtocol init
INFO: Initializing Coyote AJP/1.3 on ajp-8009
1 Apr, 2023 6:05:14 PM org.apache.catalina.startup.Catalina load
INFO: Initialization processed in 391 ms
1 Apr, 2023 6:05:14 PM org.apache.catalina.core.StandardService start
INFO: Starting service Catalina
1 Apr, 2023 6:05:14 PM org.apache.catalina.core.StandardEngine start
INFO: Starting Servlet Engine: Apache Tomcat/6.0.20
1 Apr, 2023 6:05:14 PM org.apache.catalina.loader.WebappClassLoader validateJarFile
INFO: validateJarFile(C:\Program Files (x86)\Apache Software Foundation\Tomcat 6.0\webapps\Secure and Privacy conserve design of contracted out support vector machine for drug discovery\WEB-INF\lib\servlet-api.jar) - jar not loaded. See Servlet Spec 2.3, section 9.7.2. Offending class: javax/servlet/Servlet.class
1 Apr, 2023 6:05:14 PM org.apache.coyote.http11.Http11AprProtocol start
INFO: Starting Coyote HTTP/1.1 on http-8080
1 Apr, 2023 6:05:14 PM org.apache.coyote.ajp.AjpAprProtocol start
INFO: Starting Coyote AJP/1.3 on ajp-8009
1 Apr, 2023 6:05:14 PM org.apache.catalina.startup.Catalina start
INFO: Server startup in 357 ms
