[2023-04-01 17:53:32] [info] Procrun (2.0.4.0) started
[2023-04-01 17:53:32] [info] Service Tomcat6 name Apache Tomcat 6
[2023-04-01 17:53:32] [info] Service Tomcat6 installed
[2023-04-01 17:53:32] [info] Procrun finished.
[2023-04-01 17:53:32] [info] Procrun (2.0.4.0) started
[2023-04-01 17:53:32] [info] Updating service...
[2023-04-01 17:53:32] [info] Service Tomcat6 updated
[2023-04-01 17:53:32] [info] Update service finished.
[2023-04-01 17:53:32] [info] Procrun finished.
[2023-04-01 17:53:33] [info] Procrun (2.0.4.0) started
[2023-04-01 17:53:33] [info] Updating service...
[2023-04-01 17:53:33] [info] Service Tomcat6 updated
[2023-04-01 17:53:33] [info] Update service finished.
[2023-04-01 17:53:33] [info] Procrun finished.
[2023-04-01 17:53:33] [info] Procrun (2.0.4.0) started
[2023-04-01 17:53:33] [info] Updating service...
[2023-04-01 17:53:33] [info] Service Tomcat6 updated
[2023-04-01 17:53:33] [info] Update service finished.
[2023-04-01 17:53:33] [info] Procrun finished.
[2023-04-01 17:53:36] [info] Procrun (2.0.4.0) started
[2023-04-01 17:53:36] [info] Running Service...
[2023-04-01 17:53:36] [info] Starting service...
[2023-04-01 17:53:37] [info] Service started in 1517 ms.
[2023-04-01 18:05:09] [info] Stopping service...
[2023-04-01 18:05:10] [info] Service stopped.
[2023-04-01 18:05:10] [info] Run service finished.
[2023-04-01 18:05:10] [info] Procrun finished.
[2023-04-01 18:05:13] [info] Procrun (2.0.4.0) started
[2023-04-01 18:05:13] [info] Running Service...
[2023-04-01 18:05:13] [info] Starting service...
[2023-04-01 18:05:14] [info] Service started in 1057 ms.
